Start testing: Aug 04 02:18 IST
----------------------------------------------------------
1/1 Testing: PageManagerTest
1/1 Test: PageManagerTest
Command: "/home/ruskaruma/Desktop/GITHUB/StoneDB-engine/build/tests/test_pagemanager"
Directory: /home/ruskaruma/Desktop/GITHUB/StoneDB-engine/build/tests
"PageManagerTest" start time: Aug 04 02:18 IST
Output:
----------------------------------------------------------
All tests passed for PageManager!
<end of output>
Test time =   0.01 sec
----------------------------------------------------------
Test Passed.
"PageManagerTest" end time: Aug 04 02:18 IST
"PageManagerTest" time elapsed: 00:00:00
----------------------------------------------------------

End testing: Aug 04 02:18 IST
